{"C:\\workspace\\Containers\\StorageAPI\\dist\\src\\servicos\\BucketService.js": {"path":"C:\\workspace\\Containers\\StorageAPI\\dist\\src\\servicos\\BucketService.js","all":false,"statementMap":{"0":{"start":{"line":1,"column":0},"end":{"line":1,"column":76}},"1":{"start":{"line":2,"column":0},"end":{"line":2,"column":9}},"2":{"start":{"line":3,"column":0},"end":{"line":3,"column":33}},"3":{"start":{"line":4,"column":0},"end":{"line":4,"column":31}},"4":{"start":{"line":5,"column":0},"end":{"line":5,"column":21}},"5":{"start":{"line":6,"column":0},"end":{"line":6,"column":22}},"6":{"start":{"line":7,"column":0},"end":{"line":7,"column":15}},"7":{"start":{"line":8,"column":0},"end":{"line":8,"column":5}},"8":{"start":{"line":9,"column":0},"end":{"line":9,"column":20}},"9":{"start":{"line":10,"column":0},"end":{"line":10,"column":23}},"10":{"start":{"line":11,"column":0},"end":{"line":11,"column":12}},"11":{"start":{"line":12,"column":0},"end":{"line":12,"column":51}},"12":{"start":{"line":13,"column":0},"end":{"line":13,"column":5}},"13":{"start":{"line":14,"column":0},"end":{"line":14,"column":1}},"14":{"start":{"line":15,"column":0},"end":{"line":15,"column":34}},"15":{"start":{"line":16,"column":0},"end":{"line":16,"column":23}},"16":{"start":{"line":17,"column":0},"end":{"line":17,"column":42}},"17":{"start":{"line":18,"column":0},"end":{"line":18,"column":54}},"18":{"start":{"line":19,"column":0},"end":{"line":19,"column":43}},"19":{"start":{"line":20,"column":0},"end":{"line":20,"column":35}},"20":{"start":{"line":21,"column":0},"end":{"line":21,"column":87}},"21":{"start":{"line":22,"column":0},"end":{"line":22,"column":13}},"22":{"start":{"line":23,"column":0},"end":{"line":23,"column":34}},"23":{"start":{"line":24,"column":0},"end":{"line":24,"column":86}},"24":{"start":{"line":25,"column":0},"end":{"line":25,"column":13}},"25":{"start":{"line":26,"column":0},"end":{"line":26,"column":29}},"26":{"start":{"line":27,"column":0},"end":{"line":27,"column":11}},"27":{"start":{"line":28,"column":0},"end":{"line":28,"column":6}},"28":{"start":{"line":29,"column":0},"end":{"line":29,"column":1}},"29":{"start":{"line":30,"column":0},"end":{"line":30,"column":39}},"30":{"start":{"line":31,"column":0},"end":{"line":31,"column":25}},"31":{"start":{"line":32,"column":0},"end":{"line":32,"column":17}},"32":{"start":{"line":33,"column":0},"end":{"line":33,"column":26}},"33":{"start":{"line":34,"column":0},"end":{"line":34,"column":37}},"34":{"start":{"line":35,"column":0},"end":{"line":35,"column":24}},"35":{"start":{"line":36,"column":0},"end":{"line":36,"column":10}},"36":{"start":{"line":37,"column":0},"end":{"line":37,"column":17}},"37":{"start":{"line":38,"column":0},"end":{"line":38,"column":15}},"38":{"start":{"line":39,"column":0},"end":{"line":39,"column":6}},"39":{"start":{"line":40,"column":0},"end":{"line":40,"column":16}},"40":{"start":{"line":41,"column":0},"end":{"line":41,"column":22}},"41":{"start":{"line":42,"column":0},"end":{"line":42,"column":25}},"42":{"start":{"line":43,"column":0},"end":{"line":43,"column":25}},"43":{"start":{"line":44,"column":0},"end":{"line":44,"column":73}},"44":{"start":{"line":45,"column":0},"end":{"line":45,"column":20}},"45":{"start":{"line":46,"column":0},"end":{"line":46,"column":10}},"46":{"start":{"line":47,"column":0},"end":{"line":47,"column":22}},"47":{"start":{"line":48,"column":0},"end":{"line":48,"column":28}},"48":{"start":{"line":49,"column":0},"end":{"line":49,"column":25}},"49":{"start":{"line":50,"column":0},"end":{"line":50,"column":18}},"50":{"start":{"line":51,"column":0},"end":{"line":51,"column":17}},"51":{"start":{"line":52,"column":0},"end":{"line":52,"column":15}},"52":{"start":{"line":53,"column":0},"end":{"line":53,"column":10}},"53":{"start":{"line":54,"column":0},"end":{"line":54,"column":5}},"54":{"start":{"line":55,"column":0},"end":{"line":55,"column":23}},"55":{"start":{"line":56,"column":0},"end":{"line":56,"column":70}},"56":{"start":{"line":57,"column":0},"end":{"line":57,"column":21}},"57":{"start":{"line":58,"column":0},"end":{"line":58,"column":169}},"58":{"start":{"line":59,"column":0},"end":{"line":59,"column":32}},"59":{"start":{"line":60,"column":0},"end":{"line":60,"column":26}},"60":{"start":{"line":61,"column":0},"end":{"line":61,"column":23}},"61":{"start":{"line":62,"column":0},"end":{"line":62,"column":14}},"62":{"start":{"line":63,"column":0},"end":{"line":63,"column":26}},"63":{"start":{"line":64,"column":0},"end":{"line":64,"column":23}},"64":{"start":{"line":65,"column":0},"end":{"line":65,"column":23}},"65":{"start":{"line":66,"column":0},"end":{"line":66,"column":27}},"66":{"start":{"line":67,"column":0},"end":{"line":67,"column":26}},"67":{"start":{"line":68,"column":0},"end":{"line":68,"column":23}},"68":{"start":{"line":69,"column":0},"end":{"line":69,"column":30}},"69":{"start":{"line":70,"column":0},"end":{"line":70,"column":28}},"70":{"start":{"line":71,"column":0},"end":{"line":71,"column":37}},"71":{"start":{"line":72,"column":0},"end":{"line":72,"column":35}},"72":{"start":{"line":73,"column":0},"end":{"line":73,"column":22}},"73":{"start":{"line":74,"column":0},"end":{"line":74,"column":23}},"74":{"start":{"line":75,"column":0},"end":{"line":75,"column":30}},"75":{"start":{"line":76,"column":0},"end":{"line":76,"column":30}},"76":{"start":{"line":77,"column":0},"end":{"line":77,"column":26}},"77":{"start":{"line":78,"column":0},"end":{"line":78,"column":25}},"78":{"start":{"line":79,"column":0},"end":{"line":79,"column":22}},"79":{"start":{"line":80,"column":0},"end":{"line":80,"column":29}},"80":{"start":{"line":81,"column":0},"end":{"line":81,"column":23}},"81":{"start":{"line":82,"column":0},"end":{"line":82,"column":37}},"82":{"start":{"line":83,"column":0},"end":{"line":83,"column":33}},"83":{"start":{"line":84,"column":0},"end":{"line":84,"column":29}},"84":{"start":{"line":85,"column":0},"end":{"line":85,"column":24}},"85":{"start":{"line":86,"column":0},"end":{"line":86,"column":109}},"86":{"start":{"line":87,"column":0},"end":{"line":87,"column":30}},"87":{"start":{"line":88,"column":0},"end":{"line":88,"column":33}},"88":{"start":{"line":89,"column":0},"end":{"line":89,"column":21}},"89":{"start":{"line":90,"column":0},"end":{"line":90,"column":78}},"90":{"start":{"line":91,"column":0},"end":{"line":91,"column":40}},"91":{"start":{"line":92,"column":0},"end":{"line":92,"column":30}},"92":{"start":{"line":93,"column":0},"end":{"line":93,"column":21}},"93":{"start":{"line":94,"column":0},"end":{"line":94,"column":56}},"94":{"start":{"line":95,"column":0},"end":{"line":95,"column":39}},"95":{"start":{"line":96,"column":0},"end":{"line":96,"column":31}},"96":{"start":{"line":97,"column":0},"end":{"line":97,"column":30}},"97":{"start":{"line":98,"column":0},"end":{"line":98,"column":21}},"98":{"start":{"line":99,"column":0},"end":{"line":99,"column":46}},"99":{"start":{"line":100,"column":0},"end":{"line":100,"column":39}},"100":{"start":{"line":101,"column":0},"end":{"line":101,"column":39}},"101":{"start":{"line":102,"column":0},"end":{"line":102,"column":30}},"102":{"start":{"line":103,"column":0},"end":{"line":103,"column":21}},"103":{"start":{"line":104,"column":0},"end":{"line":104,"column":42}},"104":{"start":{"line":105,"column":0},"end":{"line":105,"column":33}},"105":{"start":{"line":106,"column":0},"end":{"line":106,"column":29}},"106":{"start":{"line":107,"column":0},"end":{"line":107,"column":13}},"107":{"start":{"line":108,"column":0},"end":{"line":108,"column":39}},"108":{"start":{"line":109,"column":0},"end":{"line":109,"column":21}},"109":{"start":{"line":110,"column":0},"end":{"line":110,"column":18}},"110":{"start":{"line":111,"column":0},"end":{"line":111,"column":18}},"111":{"start":{"line":112,"column":0},"end":{"line":112,"column":17}},"112":{"start":{"line":113,"column":0},"end":{"line":113,"column":14}},"113":{"start":{"line":114,"column":0},"end":{"line":114,"column":18}},"114":{"start":{"line":115,"column":0},"end":{"line":115,"column":18}},"115":{"start":{"line":116,"column":0},"end":{"line":116,"column":22}},"116":{"start":{"line":117,"column":0},"end":{"line":117,"column":9}},"117":{"start":{"line":118,"column":0},"end":{"line":118,"column":35}},"118":{"start":{"line":119,"column":0},"end":{"line":119,"column":16}},"119":{"start":{"line":120,"column":0},"end":{"line":120,"column":42}},"120":{"start":{"line":121,"column":0},"end":{"line":121,"column":22}},"121":{"start":{"line":122,"column":0},"end":{"line":122,"column":10}},"122":{"start":{"line":123,"column":0},"end":{"line":123,"column":5}},"123":{"start":{"line":124,"column":0},"end":{"line":124,"column":1}},"124":{"start":{"line":125,"column":0},"end":{"line":125,"column":96}},"125":{"start":{"line":126,"column":0},"end":{"line":126,"column":58}},"126":{"start":{"line":127,"column":0},"end":{"line":127,"column":33}},"127":{"start":{"line":128,"column":0},"end":{"line":128,"column":28}},"128":{"start":{"line":129,"column":0},"end":{"line":129,"column":35}},"129":{"start":{"line":130,"column":0},"end":{"line":130,"column":54}},"130":{"start":{"line":131,"column":0},"end":{"line":131,"column":47}},"131":{"start":{"line":132,"column":0},"end":{"line":132,"column":30}},"132":{"start":{"line":133,"column":0},"end":{"line":133,"column":53}},"133":{"start":{"line":134,"column":0},"end":{"line":134,"column":33}},"134":{"start":{"line":135,"column":0},"end":{"line":135,"column":23}},"135":{"start":{"line":136,"column":0},"end":{"line":136,"column":57}},"136":{"start":{"line":137,"column":0},"end":{"line":137,"column":28}},"137":{"start":{"line":138,"column":0},"end":{"line":138,"column":26}},"138":{"start":{"line":139,"column":0},"end":{"line":139,"column":40}},"139":{"start":{"line":140,"column":0},"end":{"line":140,"column":22}},"140":{"start":{"line":141,"column":0},"end":{"line":141,"column":23}},"141":{"start":{"line":142,"column":0},"end":{"line":142,"column":45}},"142":{"start":{"line":143,"column":0},"end":{"line":143,"column":28}},"143":{"start":{"line":144,"column":0},"end":{"line":144,"column":26}},"144":{"start":{"line":145,"column":0},"end":{"line":145,"column":40}},"145":{"start":{"line":146,"column":0},"end":{"line":146,"column":22}},"146":{"start":{"line":147,"column":0},"end":{"line":147,"column":13}},"147":{"start":{"line":148,"column":0},"end":{"line":148,"column":11}},"148":{"start":{"line":149,"column":0},"end":{"line":149,"column":7}},"149":{"start":{"line":150,"column":0},"end":{"line":150,"column":38}},"150":{"start":{"line":151,"column":0},"end":{"line":151,"column":43}},"151":{"start":{"line":152,"column":0},"end":{"line":152,"column":6}},"152":{"start":{"line":153,"column":0},"end":{"line":153,"column":4}},"153":{"start":{"line":154,"column":0},"end":{"line":154,"column":55}},"154":{"start":{"line":155,"column":0},"end":{"line":155,"column":53}},"155":{"start":{"line":156,"column":0},"end":{"line":156,"column":77}},"156":{"start":{"line":157,"column":0},"end":{"line":157,"column":53}},"157":{"start":{"line":158,"column":0},"end":{"line":158,"column":33}},"158":{"start":{"line":159,"column":0},"end":{"line":159,"column":23}},"159":{"start":{"line":160,"column":0},"end":{"line":160,"column":38}},"160":{"start":{"line":161,"column":0},"end":{"line":161,"column":26}},"161":{"start":{"line":162,"column":0},"end":{"line":162,"column":26}},"162":{"start":{"line":163,"column":0},"end":{"line":163,"column":25}},"163":{"start":{"line":164,"column":0},"end":{"line":164,"column":25}},"164":{"start":{"line":165,"column":0},"end":{"line":165,"column":23}},"165":{"start":{"line":166,"column":0},"end":{"line":166,"column":36}},"166":{"start":{"line":167,"column":0},"end":{"line":167,"column":39}},"167":{"start":{"line":168,"column":0},"end":{"line":168,"column":71}},"168":{"start":{"line":169,"column":0},"end":{"line":169,"column":22}},"169":{"start":{"line":170,"column":0},"end":{"line":170,"column":73}},"170":{"start":{"line":171,"column":0},"end":{"line":171,"column":28}},"171":{"start":{"line":172,"column":0},"end":{"line":172,"column":26}},"172":{"start":{"line":173,"column":0},"end":{"line":173,"column":44}},"173":{"start":{"line":174,"column":0},"end":{"line":174,"column":22}},"174":{"start":{"line":175,"column":0},"end":{"line":175,"column":23}},"175":{"start":{"line":176,"column":0},"end":{"line":176,"column":41}},"176":{"start":{"line":177,"column":0},"end":{"line":177,"column":152}},"177":{"start":{"line":178,"column":0},"end":{"line":178,"column":41}},"178":{"start":{"line":179,"column":0},"end":{"line":179,"column":32}},"179":{"start":{"line":180,"column":0},"end":{"line":180,"column":136}},"180":{"start":{"line":181,"column":0},"end":{"line":181,"column":46}},"181":{"start":{"line":182,"column":0},"end":{"line":182,"column":26}},"182":{"start":{"line":183,"column":0},"end":{"line":183,"column":30}},"183":{"start":{"line":184,"column":0},"end":{"line":184,"column":28}},"184":{"start":{"line":185,"column":0},"end":{"line":185,"column":26}},"185":{"start":{"line":186,"column":0},"end":{"line":186,"column":32}},"186":{"start":{"line":187,"column":0},"end":{"line":187,"column":22}},"187":{"start":{"line":188,"column":0},"end":{"line":188,"column":23}},"188":{"start":{"line":189,"column":0},"end":{"line":189,"column":42}},"189":{"start":{"line":190,"column":0},"end":{"line":190,"column":60}},"190":{"start":{"line":191,"column":0},"end":{"line":191,"column":23}},"191":{"start":{"line":192,"column":0},"end":{"line":192,"column":28}},"192":{"start":{"line":193,"column":0},"end":{"line":193,"column":25}},"193":{"start":{"line":194,"column":0},"end":{"line":194,"column":22}},"194":{"start":{"line":195,"column":0},"end":{"line":195,"column":13}},"195":{"start":{"line":196,"column":0},"end":{"line":196,"column":11}},"196":{"start":{"line":197,"column":0},"end":{"line":197,"column":7}},"197":{"start":{"line":198,"column":0},"end":{"line":198,"column":45}},"198":{"start":{"line":199,"column":0},"end":{"line":199,"column":43}},"199":{"start":{"line":200,"column":0},"end":{"line":200,"column":6}},"200":{"start":{"line":201,"column":0},"end":{"line":201,"column":4}},"201":{"start":{"line":202,"column":0},"end":{"line":202,"column":53}},"202":{"start":{"line":203,"column":0},"end":{"line":203,"column":53}},"203":{"start":{"line":204,"column":0},"end":{"line":204,"column":19}},"204":{"start":{"line":205,"column":0},"end":{"line":205,"column":53}},"205":{"start":{"line":206,"column":0},"end":{"line":206,"column":17}},"206":{"start":{"line":207,"column":0},"end":{"line":207,"column":33}},"207":{"start":{"line":208,"column":0},"end":{"line":208,"column":39}},"208":{"start":{"line":209,"column":0},"end":{"line":209,"column":31}},"209":{"start":{"line":210,"column":0},"end":{"line":210,"column":39}},"210":{"start":{"line":211,"column":0},"end":{"line":211,"column":54}},"211":{"start":{"line":212,"column":0},"end":{"line":212,"column":104}},"212":{"start":{"line":213,"column":0},"end":{"line":213,"column":25}},"213":{"start":{"line":214,"column":0},"end":{"line":214,"column":23}},"214":{"start":{"line":215,"column":0},"end":{"line":215,"column":29}},"215":{"start":{"line":216,"column":0},"end":{"line":216,"column":56}},"216":{"start":{"line":217,"column":0},"end":{"line":217,"column":21}},"217":{"start":{"line":218,"column":0},"end":{"line":218,"column":19}},"218":{"start":{"line":219,"column":0},"end":{"line":219,"column":24}},"219":{"start":{"line":220,"column":0},"end":{"line":220,"column":22}},"220":{"start":{"line":221,"column":0},"end":{"line":221,"column":26}},"221":{"start":{"line":222,"column":0},"end":{"line":222,"column":18}},"222":{"start":{"line":223,"column":0},"end":{"line":223,"column":29}},"223":{"start":{"line":224,"column":0},"end":{"line":224,"column":37}},"224":{"start":{"line":225,"column":0},"end":{"line":225,"column":56}},"225":{"start":{"line":226,"column":0},"end":{"line":226,"column":13}},"226":{"start":{"line":227,"column":0},"end":{"line":227,"column":20}},"227":{"start":{"line":228,"column":0},"end":{"line":228,"column":17}},"228":{"start":{"line":229,"column":0},"end":{"line":229,"column":14}},"229":{"start":{"line":230,"column":0},"end":{"line":230,"column":11}},"230":{"start":{"line":231,"column":0},"end":{"line":231,"column":7}},"231":{"start":{"line":232,"column":0},"end":{"line":232,"column":43}},"232":{"start":{"line":233,"column":0},"end":{"line":233,"column":43}},"233":{"start":{"line":234,"column":0},"end":{"line":234,"column":6}},"234":{"start":{"line":235,"column":0},"end":{"line":235,"column":4}},"235":{"start":{"line":236,"column":0},"end":{"line":236,"column":55}},"236":{"start":{"line":237,"column":0},"end":{"line":237,"column":53}},"237":{"start":{"line":238,"column":0},"end":{"line":238,"column":57}},"238":{"start":{"line":239,"column":0},"end":{"line":239,"column":53}},"239":{"start":{"line":240,"column":0},"end":{"line":240,"column":33}},"240":{"start":{"line":241,"column":0},"end":{"line":241,"column":23}},"241":{"start":{"line":242,"column":0},"end":{"line":242,"column":38}},"242":{"start":{"line":243,"column":0},"end":{"line":243,"column":39}},"243":{"start":{"line":244,"column":0},"end":{"line":244,"column":95}},"244":{"start":{"line":245,"column":0},"end":{"line":245,"column":22}},"245":{"start":{"line":246,"column":0},"end":{"line":246,"column":67}},"246":{"start":{"line":247,"column":0},"end":{"line":247,"column":37}},"247":{"start":{"line":248,"column":0},"end":{"line":248,"column":23}},"248":{"start":{"line":249,"column":0},"end":{"line":249,"column":38}},"249":{"start":{"line":250,"column":0},"end":{"line":250,"column":26}},"250":{"start":{"line":251,"column":0},"end":{"line":251,"column":26}},"251":{"start":{"line":252,"column":0},"end":{"line":252,"column":25}},"252":{"start":{"line":253,"column":0},"end":{"line":253,"column":25}},"253":{"start":{"line":254,"column":0},"end":{"line":254,"column":23}},"254":{"start":{"line":255,"column":0},"end":{"line":255,"column":28}},"255":{"start":{"line":256,"column":0},"end":{"line":256,"column":26}},"256":{"start":{"line":257,"column":0},"end":{"line":257,"column":40}},"257":{"start":{"line":258,"column":0},"end":{"line":258,"column":22}},"258":{"start":{"line":259,"column":0},"end":{"line":259,"column":23}},"259":{"start":{"line":260,"column":0},"end":{"line":260,"column":41}},"260":{"start":{"line":261,"column":0},"end":{"line":261,"column":39}},"261":{"start":{"line":262,"column":0},"end":{"line":262,"column":28}},"262":{"start":{"line":263,"column":0},"end":{"line":263,"column":26}},"263":{"start":{"line":264,"column":0},"end":{"line":264,"column":30}},"264":{"start":{"line":265,"column":0},"end":{"line":265,"column":22}},"265":{"start":{"line":266,"column":0},"end":{"line":266,"column":23}},"266":{"start":{"line":267,"column":0},"end":{"line":267,"column":42}},"267":{"start":{"line":268,"column":0},"end":{"line":268,"column":41}},"268":{"start":{"line":269,"column":0},"end":{"line":269,"column":62}},"269":{"start":{"line":270,"column":0},"end":{"line":270,"column":23}},"270":{"start":{"line":271,"column":0},"end":{"line":271,"column":28}},"271":{"start":{"line":272,"column":0},"end":{"line":272,"column":25}},"272":{"start":{"line":273,"column":0},"end":{"line":273,"column":22}},"273":{"start":{"line":274,"column":0},"end":{"line":274,"column":13}},"274":{"start":{"line":275,"column":0},"end":{"line":275,"column":11}},"275":{"start":{"line":276,"column":0},"end":{"line":276,"column":7}},"276":{"start":{"line":277,"column":0},"end":{"line":277,"column":45}},"277":{"start":{"line":278,"column":0},"end":{"line":278,"column":43}},"278":{"start":{"line":279,"column":0},"end":{"line":279,"column":6}},"279":{"start":{"line":280,"column":0},"end":{"line":280,"column":4}}},"s":{"0":15,"1":15,"2":15,"3":15,"4":15,"5":3,"6":3,"7":3,"8":15,"9":5,"10":15,"11":7,"12":7,"13":15,"14":4,"15":4,"16":8,"17":8,"18":8,"19":8,"20":12,"21":12,"22":8,"23":3,"24":3,"25":8,"26":8,"27":8,"28":4,"29":8,"30":8,"31":8,"32":8,"33":9,"34":6,"35":6,"36":8,"37":8,"38":8,"39":8,"40":8,"41":8,"42":8,"43":8,"44":0,"45":8,"46":8,"47":24,"48":15,"49":15,"50":15,"51":15,"52":15,"53":24,"54":8,"55":15,"56":15,"57":37,"58":37,"59":0,"60":0,"61":0,"62":37,"63":37,"64":37,"65":15,"66":15,"67":37,"68":7,"69":7,"70":7,"71":7,"72":7,"73":37,"74":0,"75":0,"76":0,"77":0,"78":0,"79":0,"80":37,"81":0,"82":0,"83":0,"84":37,"85":15,"86":8,"87":8,"88":8,"89":15,"90":0,"91":0,"92":0,"93":15,"94":2,"95":2,"96":2,"97":2,"98":15,"99":0,"100":0,"101":0,"102":0,"103":15,"104":5,"105":5,"106":37,"107":17,"108":37,"109":5,"110":5,"111":5,"112":5,"113":5,"114":37,"115":37,"116":37,"117":15,"118":5,"119":15,"120":15,"121":15,"122":15,"123":8,"124":1,"125":1,"126":1,"127":1,"128":1,"129":1,"130":1,"131":2,"132":2,"133":4,"134":4,"135":2,"136":2,"137":2,"138":2,"139":2,"140":4,"141":2,"142":2,"143":2,"144":2,"145":2,"146":4,"147":4,"148":2,"149":1,"150":2,"151":2,"152":1,"153":1,"154":1,"155":3,"156":3,"157":7,"158":7,"159":3,"160":3,"161":3,"162":3,"163":3,"164":3,"165":3,"166":3,"167":3,"168":3,"169":3,"170":3,"171":3,"172":3,"173":3,"174":7,"175":3,"176":3,"177":2,"178":2,"179":2,"180":2,"181":2,"182":3,"183":3,"184":3,"185":3,"186":3,"187":7,"188":1,"189":1,"190":7,"191":0,"192":0,"193":0,"194":7,"195":7,"196":3,"197":1,"198":3,"199":3,"200":1,"201":1,"202":1,"203":1,"204":1,"205":1,"206":1,"207":1,"208":1,"209":1,"210":1,"211":0,"212":0,"213":1,"214":1,"215":1,"216":1,"217":1,"218":1,"219":1,"220":1,"221":1,"222":1,"223":0,"224":0,"225":0,"226":0,"227":0,"228":0,"229":0,"230":1,"231":1,"232":1,"233":1,"234":1,"235":1,"236":1,"237":2,"238":2,"239":5,"240":5,"241":2,"242":2,"243":2,"244":2,"245":2,"246":2,"247":5,"248":2,"249":2,"250":2,"251":2,"252":2,"253":2,"254":2,"255":2,"256":2,"257":2,"258":5,"259":2,"260":2,"261":2,"262":2,"263":2,"264":2,"265":5,"266":1,"267":1,"268":1,"269":5,"270":0,"271":0,"272":0,"273":5,"274":5,"275":2,"276":1,"277":2,"278":2,"279":1},"branchMap":{"0":{"type":"branch","line":1,"loc":{"start":{"line":1,"column":0},"end":{"line":14,"column":1}},"locations":[{"start":{"line":1,"column":0},"end":{"line":14,"column":1}}]},"1":{"type":"branch","line":5,"loc":{"start":{"line":5,"column":6},"end":{"line":8,"column":5}},"locations":[{"start":{"line":5,"column":6},"end":{"line":8,"column":5}}]},"2":{"type":"branch","line":8,"loc":{"start":{"line":8,"column":4},"end":{"line":9,"column":19}},"locations":[{"start":{"line":8,"column":4},"end":{"line":9,"column":19}}]},"3":{"type":"branch","line":9,"loc":{"start":{"line":9,"column":19},"end":{"line":11,"column":11}},"locations":[{"start":{"line":9,"column":19},"end":{"line":11,"column":11}}]},"4":{"type":"branch","line":11,"loc":{"start":{"line":11,"column":4},"end":{"line":13,"column":5}},"locations":[{"start":{"line":11,"column":4},"end":{"line":13,"column":5}}]},"5":{"type":"branch","line":15,"loc":{"start":{"line":15,"column":0},"end":{"line":29,"column":1}},"locations":[{"start":{"line":15,"column":0},"end":{"line":29,"column":1}}]},"6":{"type":"branch","line":16,"loc":{"start":{"line":16,"column":11},"end":{"line":28,"column":6}},"locations":[{"start":{"line":16,"column":11},"end":{"line":28,"column":6}}]},"7":{"type":"branch","line":18,"loc":{"start":{"line":18,"column":27},"end":{"line":27,"column":11}},"locations":[{"start":{"line":18,"column":27},"end":{"line":27,"column":11}}]},"8":{"type":"branch","line":20,"loc":{"start":{"line":20,"column":12},"end":{"line":22,"column":13}},"locations":[{"start":{"line":20,"column":12},"end":{"line":22,"column":13}}]},"9":{"type":"branch","line":23,"loc":{"start":{"line":23,"column":12},"end":{"line":25,"column":13}},"locations":[{"start":{"line":23,"column":12},"end":{"line":25,"column":13}}]},"10":{"type":"branch","line":30,"loc":{"start":{"line":30,"column":0},"end":{"line":124,"column":1}},"locations":[{"start":{"line":30,"column":0},"end":{"line":124,"column":1}}]},"11":{"type":"branch","line":33,"loc":{"start":{"line":33,"column":14},"end":{"line":36,"column":10}},"locations":[{"start":{"line":33,"column":14},"end":{"line":36,"column":10}}]},"12":{"type":"branch","line":34,"loc":{"start":{"line":34,"column":26},"end":{"line":34,"column":37}},"locations":[{"start":{"line":34,"column":26},"end":{"line":34,"column":37}}]},"13":{"type":"branch","line":34,"loc":{"start":{"line":34,"column":36},"end":{"line":36,"column":10}},"locations":[{"start":{"line":34,"column":36},"end":{"line":36,"column":10}}]},"14":{"type":"branch","line":47,"loc":{"start":{"line":47,"column":4},"end":{"line":54,"column":5}},"locations":[{"start":{"line":47,"column":4},"end":{"line":54,"column":5}}]},"15":{"type":"branch","line":48,"loc":{"start":{"line":48,"column":15},"end":{"line":53,"column":10}},"locations":[{"start":{"line":48,"column":15},"end":{"line":53,"column":10}}]},"16":{"type":"branch","line":55,"loc":{"start":{"line":55,"column":4},"end":{"line":123,"column":5}},"locations":[{"start":{"line":55,"column":4},"end":{"line":123,"column":5}}]},"17":{"type":"branch","line":56,"loc":{"start":{"line":56,"column":15},"end":{"line":56,"column":70}},"locations":[{"start":{"line":56,"column":15},"end":{"line":56,"column":70}}]},"18":{"type":"branch","line":57,"loc":{"start":{"line":57,"column":16},"end":{"line":117,"column":9}},"locations":[{"start":{"line":57,"column":16},"end":{"line":117,"column":9}}]},"19":{"type":"branch","line":58,"loc":{"start":{"line":58,"column":23},"end":{"line":58,"column":130}},"locations":[{"start":{"line":58,"column":23},"end":{"line":58,"column":130}}]},"20":{"type":"branch","line":58,"loc":{"start":{"line":58,"column":124},"end":{"line":58,"column":158}},"locations":[{"start":{"line":58,"column":124},"end":{"line":58,"column":158}}]},"21":{"type":"branch","line":58,"loc":{"start":{"line":58,"column":160},"end":{"line":58,"column":169}},"locations":[{"start":{"line":58,"column":160},"end":{"line":58,"column":169}}]},"22":{"type":"branch","line":59,"loc":{"start":{"line":59,"column":26},"end":{"line":62,"column":14}},"locations":[{"start":{"line":59,"column":26},"end":{"line":62,"column":14}}]},"23":{"type":"branch","line":64,"loc":{"start":{"line":64,"column":16},"end":{"line":64,"column":23}},"locations":[{"start":{"line":64,"column":16},"end":{"line":64,"column":23}}]},"24":{"type":"branch","line":65,"loc":{"start":{"line":65,"column":16},"end":{"line":67,"column":26}},"locations":[{"start":{"line":65,"column":16},"end":{"line":67,"column":26}}]},"25":{"type":"branch","line":68,"loc":{"start":{"line":68,"column":16},"end":{"line":73,"column":22}},"locations":[{"start":{"line":68,"column":16},"end":{"line":73,"column":22}}]},"26":{"type":"branch","line":74,"loc":{"start":{"line":74,"column":16},"end":{"line":80,"column":29}},"locations":[{"start":{"line":74,"column":16},"end":{"line":80,"column":29}}]},"27":{"type":"branch","line":81,"loc":{"start":{"line":81,"column":16},"end":{"line":84,"column":29}},"locations":[{"start":{"line":81,"column":16},"end":{"line":84,"column":29}}]},"28":{"type":"branch","line":85,"loc":{"start":{"line":85,"column":16},"end":{"line":106,"column":29}},"locations":[{"start":{"line":85,"column":16},"end":{"line":106,"column":29}}]},"29":{"type":"branch","line":86,"loc":{"start":{"line":86,"column":53},"end":{"line":86,"column":73}},"locations":[{"start":{"line":86,"column":53},"end":{"line":86,"column":73}}]},"30":{"type":"branch","line":86,"loc":{"start":{"line":86,"column":72},"end":{"line":86,"column":108}},"locations":[{"start":{"line":86,"column":72},"end":{"line":86,"column":108}}]},"31":{"type":"branch","line":86,"loc":{"start":{"line":86,"column":89},"end":{"line":86,"column":108}},"locations":[{"start":{"line":86,"column":89},"end":{"line":86,"column":108}}]},"32":{"type":"branch","line":86,"loc":{"start":{"line":86,"column":108},"end":{"line":89,"column":21}},"locations":[{"start":{"line":86,"column":108},"end":{"line":89,"column":21}}]},"33":{"type":"branch","line":89,"loc":{"start":{"line":89,"column":20},"end":{"line":90,"column":40}},"locations":[{"start":{"line":89,"column":20},"end":{"line":90,"column":40}}]},"34":{"type":"branch","line":90,"loc":{"start":{"line":90,"column":34},"end":{"line":90,"column":77}},"locations":[{"start":{"line":90,"column":34},"end":{"line":90,"column":77}}]},"35":{"type":"branch","line":90,"loc":{"start":{"line":90,"column":77},"end":{"line":93,"column":21}},"locations":[{"start":{"line":90,"column":77},"end":{"line":93,"column":21}}]},"36":{"type":"branch","line":93,"loc":{"start":{"line":93,"column":20},"end":{"line":94,"column":39}},"locations":[{"start":{"line":93,"column":20},"end":{"line":94,"column":39}}]},"37":{"type":"branch","line":94,"loc":{"start":{"line":94,"column":34},"end":{"line":94,"column":53}},"locations":[{"start":{"line":94,"column":34},"end":{"line":94,"column":53}}]},"38":{"type":"branch","line":94,"loc":{"start":{"line":94,"column":55},"end":{"line":98,"column":21}},"locations":[{"start":{"line":94,"column":55},"end":{"line":98,"column":21}}]},"39":{"type":"branch","line":98,"loc":{"start":{"line":98,"column":20},"end":{"line":99,"column":43}},"locations":[{"start":{"line":98,"column":20},"end":{"line":99,"column":43}}]},"40":{"type":"branch","line":99,"loc":{"start":{"line":99,"column":45},"end":{"line":103,"column":21}},"locations":[{"start":{"line":99,"column":45},"end":{"line":103,"column":21}}]},"41":{"type":"branch","line":103,"loc":{"start":{"line":103,"column":20},"end":{"line":104,"column":30}},"locations":[{"start":{"line":103,"column":20},"end":{"line":104,"column":30}}]},"42":{"type":"branch","line":104,"loc":{"start":{"line":104,"column":30},"end":{"line":104,"column":42}},"locations":[{"start":{"line":104,"column":30},"end":{"line":104,"column":42}}]},"43":{"type":"branch","line":104,"loc":{"start":{"line":104,"column":39},"end":{"line":106,"column":29}},"locations":[{"start":{"line":104,"column":39},"end":{"line":106,"column":29}}]},"44":{"type":"branch","line":107,"loc":{"start":{"line":107,"column":12},"end":{"line":109,"column":10}},"locations":[{"start":{"line":107,"column":12},"end":{"line":109,"column":10}}]},"45":{"type":"branch","line":109,"loc":{"start":{"line":109,"column":10},"end":{"line":115,"column":17}},"locations":[{"start":{"line":109,"column":10},"end":{"line":115,"column":17}}]},"46":{"type":"branch","line":115,"loc":{"start":{"line":115,"column":8},"end":{"line":115,"column":17}},"locations":[{"start":{"line":115,"column":8},"end":{"line":115,"column":17}}]},"47":{"type":"branch","line":117,"loc":{"start":{"line":117,"column":8},"end":{"line":118,"column":23}},"locations":[{"start":{"line":117,"column":8},"end":{"line":118,"column":23}}]},"48":{"type":"branch","line":118,"loc":{"start":{"line":118,"column":23},"end":{"line":118,"column":35}},"locations":[{"start":{"line":118,"column":23},"end":{"line":118,"column":35}}]},"49":{"type":"branch","line":118,"loc":{"start":{"line":118,"column":34},"end":{"line":120,"column":32}},"locations":[{"start":{"line":118,"column":34},"end":{"line":120,"column":32}}]},"50":{"type":"branch","line":120,"loc":{"start":{"line":120,"column":32},"end":{"line":120,"column":42}},"locations":[{"start":{"line":120,"column":32},"end":{"line":120,"column":42}}]},"51":{"type":"branch","line":130,"loc":{"start":{"line":130,"column":42},"end":{"line":153,"column":4}},"locations":[{"start":{"line":130,"column":42},"end":{"line":153,"column":4}}]},"52":{"type":"branch","line":131,"loc":{"start":{"line":131,"column":35},"end":{"line":149,"column":7}},"locations":[{"start":{"line":131,"column":35},"end":{"line":149,"column":7}}]},"53":{"type":"branch","line":133,"loc":{"start":{"line":133,"column":35},"end":{"line":148,"column":11}},"locations":[{"start":{"line":133,"column":35},"end":{"line":148,"column":11}}]},"54":{"type":"branch","line":135,"loc":{"start":{"line":135,"column":16},"end":{"line":140,"column":22}},"locations":[{"start":{"line":135,"column":16},"end":{"line":140,"column":22}}]},"55":{"type":"branch","line":141,"loc":{"start":{"line":141,"column":16},"end":{"line":146,"column":22}},"locations":[{"start":{"line":141,"column":16},"end":{"line":146,"column":22}}]},"56":{"type":"branch","line":150,"loc":{"start":{"line":150,"column":11},"end":{"line":152,"column":6}},"locations":[{"start":{"line":150,"column":11},"end":{"line":152,"column":6}}]},"57":{"type":"branch","line":154,"loc":{"start":{"line":154,"column":43},"end":{"line":201,"column":4}},"locations":[{"start":{"line":154,"column":43},"end":{"line":201,"column":4}}]},"58":{"type":"branch","line":155,"loc":{"start":{"line":155,"column":35},"end":{"line":197,"column":7}},"locations":[{"start":{"line":155,"column":35},"end":{"line":197,"column":7}}]},"59":{"type":"branch","line":157,"loc":{"start":{"line":157,"column":35},"end":{"line":196,"column":11}},"locations":[{"start":{"line":157,"column":35},"end":{"line":196,"column":11}}]},"60":{"type":"branch","line":159,"loc":{"start":{"line":159,"column":16},"end":{"line":174,"column":22}},"locations":[{"start":{"line":159,"column":16},"end":{"line":174,"column":22}}]},"61":{"type":"branch","line":175,"loc":{"start":{"line":175,"column":16},"end":{"line":187,"column":22}},"locations":[{"start":{"line":175,"column":16},"end":{"line":187,"column":22}}]},"62":{"type":"branch","line":177,"loc":{"start":{"line":177,"column":69},"end":{"line":177,"column":105}},"locations":[{"start":{"line":177,"column":69},"end":{"line":177,"column":105}}]},"63":{"type":"branch","line":177,"loc":{"start":{"line":177,"column":101},"end":{"line":177,"column":114}},"locations":[{"start":{"line":177,"column":101},"end":{"line":177,"column":114}}]},"64":{"type":"branch","line":177,"loc":{"start":{"line":177,"column":110},"end":{"line":183,"column":21}},"locations":[{"start":{"line":177,"column":110},"end":{"line":183,"column":21}}]},"65":{"type":"branch","line":183,"loc":{"start":{"line":183,"column":21},"end":{"line":183,"column":29}},"locations":[{"start":{"line":183,"column":21},"end":{"line":183,"column":29}}]},"66":{"type":"branch","line":188,"loc":{"start":{"line":188,"column":16},"end":{"line":190,"column":60}},"locations":[{"start":{"line":188,"column":16},"end":{"line":190,"column":60}}]},"67":{"type":"branch","line":191,"loc":{"start":{"line":191,"column":16},"end":{"line":194,"column":22}},"locations":[{"start":{"line":191,"column":16},"end":{"line":194,"column":22}}]},"68":{"type":"branch","line":177,"loc":{"start":{"line":177,"column":133},"end":{"line":183,"column":21}},"locations":[{"start":{"line":177,"column":133},"end":{"line":183,"column":21}}]},"69":{"type":"branch","line":180,"loc":{"start":{"line":180,"column":96},"end":{"line":180,"column":109}},"locations":[{"start":{"line":180,"column":96},"end":{"line":180,"column":109}}]},"70":{"type":"branch","line":198,"loc":{"start":{"line":198,"column":11},"end":{"line":200,"column":6}},"locations":[{"start":{"line":198,"column":11},"end":{"line":200,"column":6}}]},"71":{"type":"branch","line":202,"loc":{"start":{"line":202,"column":41},"end":{"line":235,"column":4}},"locations":[{"start":{"line":202,"column":41},"end":{"line":235,"column":4}}]},"72":{"type":"branch","line":203,"loc":{"start":{"line":203,"column":35},"end":{"line":231,"column":7}},"locations":[{"start":{"line":203,"column":35},"end":{"line":231,"column":7}}]},"73":{"type":"branch","line":205,"loc":{"start":{"line":205,"column":35},"end":{"line":230,"column":11}},"locations":[{"start":{"line":205,"column":35},"end":{"line":230,"column":11}}]},"74":{"type":"branch","line":223,"loc":{"start":{"line":223,"column":14},"end":{"line":230,"column":11}},"locations":[{"start":{"line":223,"column":14},"end":{"line":230,"column":11}}]},"75":{"type":"branch","line":232,"loc":{"start":{"line":232,"column":11},"end":{"line":234,"column":6}},"locations":[{"start":{"line":232,"column":11},"end":{"line":234,"column":6}}]},"76":{"type":"branch","line":236,"loc":{"start":{"line":236,"column":43},"end":{"line":280,"column":4}},"locations":[{"start":{"line":236,"column":43},"end":{"line":280,"column":4}}]},"77":{"type":"branch","line":237,"loc":{"start":{"line":237,"column":35},"end":{"line":276,"column":7}},"locations":[{"start":{"line":237,"column":35},"end":{"line":276,"column":7}}]},"78":{"type":"branch","line":239,"loc":{"start":{"line":239,"column":35},"end":{"line":275,"column":11}},"locations":[{"start":{"line":239,"column":35},"end":{"line":275,"column":11}}]},"79":{"type":"branch","line":241,"loc":{"start":{"line":241,"column":16},"end":{"line":247,"column":37}},"locations":[{"start":{"line":241,"column":16},"end":{"line":247,"column":37}}]},"80":{"type":"branch","line":248,"loc":{"start":{"line":248,"column":16},"end":{"line":258,"column":22}},"locations":[{"start":{"line":248,"column":16},"end":{"line":258,"column":22}}]},"81":{"type":"branch","line":259,"loc":{"start":{"line":259,"column":16},"end":{"line":265,"column":22}},"locations":[{"start":{"line":259,"column":16},"end":{"line":265,"column":22}}]},"82":{"type":"branch","line":266,"loc":{"start":{"line":266,"column":16},"end":{"line":269,"column":62}},"locations":[{"start":{"line":266,"column":16},"end":{"line":269,"column":62}}]},"83":{"type":"branch","line":270,"loc":{"start":{"line":270,"column":16},"end":{"line":273,"column":22}},"locations":[{"start":{"line":270,"column":16},"end":{"line":273,"column":22}}]},"84":{"type":"branch","line":277,"loc":{"start":{"line":277,"column":11},"end":{"line":279,"column":6}},"locations":[{"start":{"line":277,"column":11},"end":{"line":279,"column":6}}]}},"b":{"0":[15],"1":[3],"2":[12],"3":[5],"4":[7],"5":[4],"6":[8],"7":[8],"8":[12],"9":[3],"10":[8],"11":[9],"12":[3],"13":[6],"14":[24],"15":[15],"16":[15],"17":[0],"18":[37],"19":[0],"20":[0],"21":[0],"22":[0],"23":[12],"24":[15],"25":[7],"26":[0],"27":[0],"28":[15],"29":[7],"30":[8],"31":[5],"32":[8],"33":[7],"34":[0],"35":[0],"36":[7],"37":[4],"38":[2],"39":[5],"40":[0],"41":[5],"42":[0],"43":[5],"44":[17],"45":[5],"46":[17],"47":[8],"48":[3],"49":[5],"50":[0],"51":[1],"52":[2],"53":[4],"54":[2],"55":[2],"56":[2],"57":[1],"58":[3],"59":[7],"60":[3],"61":[3],"62":[2],"63":[0],"64":[2],"65":[0],"66":[1],"67":[0],"68":[2],"69":[0],"70":[3],"71":[1],"72":[1],"73":[1],"74":[0],"75":[1],"76":[1],"77":[2],"78":[5],"79":[2],"80":[2],"81":[2],"82":[1],"83":[0],"84":[2]},"fnMap":{"0":{"name":"asyncGeneratorStep","decl":{"start":{"line":1,"column":0},"end":{"line":14,"column":1}},"loc":{"start":{"line":1,"column":0},"end":{"line":14,"column":1}},"line":1},"1":{"name":"_async_to_generator","decl":{"start":{"line":15,"column":0},"end":{"line":29,"column":1}},"loc":{"start":{"line":15,"column":0},"end":{"line":29,"column":1}},"line":15},"2":{"name":"_next","decl":{"start":{"line":20,"column":12},"end":{"line":22,"column":13}},"loc":{"start":{"line":20,"column":12},"end":{"line":22,"column":13}},"line":20},"3":{"name":"_throw","decl":{"start":{"line":23,"column":12},"end":{"line":25,"column":13}},"loc":{"start":{"line":23,"column":12},"end":{"line":25,"column":13}},"line":23},"4":{"name":"_ts_generator","decl":{"start":{"line":30,"column":0},"end":{"line":124,"column":1}},"loc":{"start":{"line":30,"column":0},"end":{"line":124,"column":1}},"line":30},"5":{"name":"sent","decl":{"start":{"line":33,"column":14},"end":{"line":36,"column":10}},"loc":{"start":{"line":33,"column":14},"end":{"line":36,"column":10}},"line":33},"6":{"name":"g.<computed>","decl":{"start":{"line":44,"column":61},"end":{"line":46,"column":8}},"loc":{"start":{"line":44,"column":61},"end":{"line":46,"column":8}},"line":44},"7":{"name":"verb","decl":{"start":{"line":47,"column":4},"end":{"line":54,"column":5}},"loc":{"start":{"line":47,"column":4},"end":{"line":54,"column":5}},"line":47},"8":{"name":"step","decl":{"start":{"line":55,"column":4},"end":{"line":123,"column":5}},"loc":{"start":{"line":55,"column":4},"end":{"line":123,"column":5}},"line":55},"9":{"name":"listaDeBuckets","decl":{"start":{"line":150,"column":11},"end":{"line":152,"column":6}},"loc":{"start":{"line":150,"column":11},"end":{"line":152,"column":6}},"line":150},"10":{"name":"listaDeArquivos","decl":{"start":{"line":198,"column":11},"end":{"line":200,"column":6}},"loc":{"start":{"line":198,"column":11},"end":{"line":200,"column":6}},"line":198},"11":{"name":"key","decl":{"start":{"line":211,"column":29},"end":{"line":213,"column":25}},"loc":{"start":{"line":211,"column":29},"end":{"line":213,"column":25}},"line":211},"12":{"name":"uploadArquivo","decl":{"start":{"line":232,"column":11},"end":{"line":234,"column":6}},"loc":{"start":{"line":232,"column":11},"end":{"line":234,"column":6}},"line":232},"13":{"name":"downloadArquivo","decl":{"start":{"line":277,"column":11},"end":{"line":279,"column":6}},"loc":{"start":{"line":277,"column":11},"end":{"line":279,"column":6}},"line":277}},"f":{"0":15,"1":4,"2":12,"3":3,"4":8,"5":9,"6":0,"7":24,"8":15,"9":2,"10":3,"11":0,"12":1,"13":2}}
,"C:\\workspace\\Containers\\StorageAPI\\dist\\src\\utils\\cloud\\cloudflareR2Client.js": {"path":"C:\\workspace\\Containers\\StorageAPI\\dist\\src\\utils\\cloud\\cloudflareR2Client.js","all":false,"statementMap":{"0":{"start":{"line":1,"column":0},"end":{"line":1,"column":46}},"1":{"start":{"line":2,"column":0},"end":{"line":2,"column":28}},"2":{"start":{"line":3,"column":0},"end":{"line":3,"column":16}},"3":{"start":{"line":4,"column":0},"end":{"line":4,"column":30}},"4":{"start":{"line":5,"column":0},"end":{"line":5,"column":19}},"5":{"start":{"line":6,"column":0},"end":{"line":6,"column":38}},"6":{"start":{"line":7,"column":0},"end":{"line":7,"column":18}},"7":{"start":{"line":8,"column":0},"end":{"line":8,"column":50}},"8":{"start":{"line":9,"column":0},"end":{"line":9,"column":57}},"9":{"start":{"line":10,"column":0},"end":{"line":10,"column":5}},"10":{"start":{"line":11,"column":0},"end":{"line":11,"column":3}}},"s":{"0":1,"1":1,"2":1,"3":1,"4":1,"5":1,"6":1,"7":1,"8":1,"9":1,"10":1},"branchMap":{},"b":{},"fnMap":{},"f":{}}
,"C:\\workspace\\Containers\\StorageAPI\\src\\servicos\\BucketService.ts": {"path":"C:\\workspace\\Containers\\StorageAPI\\src\\servicos\\BucketService.ts","all":false,"statementMap":{"0":{"start":{"line":1,"column":0},"end":{"line":1,"column":96}},"1":{"start":{"line":2,"column":0},"end":{"line":2,"column":58}},"2":{"start":{"line":3,"column":0},"end":{"line":3,"column":33}},"3":{"start":{"line":4,"column":0},"end":{"line":4,"column":28}},"4":{"start":{"line":5,"column":0},"end":{"line":5,"column":34}},"5":{"start":{"line":6,"column":0},"end":{"line":6,"column":0}},"6":{"start":{"line":7,"column":0},"end":{"line":7,"column":32}},"7":{"start":{"line":8,"column":0},"end":{"line":8,"column":20}},"8":{"start":{"line":9,"column":0},"end":{"line":9,"column":1}},"9":{"start":{"line":10,"column":0},"end":{"line":10,"column":0}},"10":{"start":{"line":11,"column":0},"end":{"line":11,"column":23}},"11":{"start":{"line":12,"column":0},"end":{"line":12,"column":20}},"12":{"start":{"line":13,"column":0},"end":{"line":13,"column":1}},"13":{"start":{"line":14,"column":0},"end":{"line":14,"column":0}},"14":{"start":{"line":15,"column":0},"end":{"line":15,"column":25}},"15":{"start":{"line":16,"column":0},"end":{"line":16,"column":21}},"16":{"start":{"line":17,"column":0},"end":{"line":17,"column":21}},"17":{"start":{"line":18,"column":0},"end":{"line":18,"column":1}},"18":{"start":{"line":19,"column":0},"end":{"line":19,"column":0}},"19":{"start":{"line":20,"column":0},"end":{"line":20,"column":37}},"20":{"start":{"line":21,"column":0},"end":{"line":21,"column":0}},"21":{"start":{"line":22,"column":0},"end":{"line":22,"column":43}},"22":{"start":{"line":23,"column":0},"end":{"line":23,"column":45}},"23":{"start":{"line":24,"column":0},"end":{"line":24,"column":42}},"24":{"start":{"line":25,"column":0},"end":{"line":25,"column":26}},"25":{"start":{"line":26,"column":0},"end":{"line":26,"column":2}},"26":{"start":{"line":27,"column":0},"end":{"line":27,"column":0}},"27":{"start":{"line":28,"column":0},"end":{"line":28,"column":72}},"28":{"start":{"line":29,"column":0},"end":{"line":29,"column":7}},"29":{"start":{"line":30,"column":0},"end":{"line":30,"column":26}},"30":{"start":{"line":31,"column":0},"end":{"line":31,"column":21}},"31":{"start":{"line":32,"column":0},"end":{"line":32,"column":43}},"32":{"start":{"line":33,"column":0},"end":{"line":33,"column":5}},"33":{"start":{"line":34,"column":0},"end":{"line":34,"column":63}},"34":{"start":{"line":35,"column":0},"end":{"line":35,"column":44}},"35":{"start":{"line":36,"column":0},"end":{"line":36,"column":0}},"36":{"start":{"line":37,"column":0},"end":{"line":37,"column":52}},"37":{"start":{"line":38,"column":0},"end":{"line":38,"column":6}},"38":{"start":{"line":39,"column":0},"end":{"line":39,"column":38}},"39":{"start":{"line":40,"column":0},"end":{"line":40,"column":25}},"40":{"start":{"line":41,"column":0},"end":{"line":41,"column":14}},"41":{"start":{"line":42,"column":0},"end":{"line":42,"column":20}},"42":{"start":{"line":43,"column":0},"end":{"line":43,"column":19}},"43":{"start":{"line":44,"column":0},"end":{"line":44,"column":44}},"44":{"start":{"line":45,"column":0},"end":{"line":45,"column":3}},"45":{"start":{"line":46,"column":0},"end":{"line":46,"column":1}},"46":{"start":{"line":47,"column":0},"end":{"line":47,"column":0}},"47":{"start":{"line":48,"column":0},"end":{"line":48,"column":61}},"48":{"start":{"line":49,"column":0},"end":{"line":49,"column":7}},"49":{"start":{"line":50,"column":0},"end":{"line":50,"column":27}},"50":{"start":{"line":51,"column":0},"end":{"line":51,"column":25}},"51":{"start":{"line":52,"column":0},"end":{"line":52,"column":15}},"52":{"start":{"line":53,"column":0},"end":{"line":53,"column":24}},"53":{"start":{"line":54,"column":0},"end":{"line":54,"column":33}},"54":{"start":{"line":55,"column":0},"end":{"line":55,"column":70}},"55":{"start":{"line":56,"column":0},"end":{"line":56,"column":10}},"56":{"start":{"line":57,"column":0},"end":{"line":57,"column":9}},"57":{"start":{"line":58,"column":0},"end":{"line":58,"column":15}},"58":{"start":{"line":59,"column":0},"end":{"line":59,"column":41}},"59":{"start":{"line":60,"column":0},"end":{"line":60,"column":8}},"60":{"start":{"line":61,"column":0},"end":{"line":61,"column":7}},"61":{"start":{"line":62,"column":0},"end":{"line":62,"column":18}},"62":{"start":{"line":63,"column":0},"end":{"line":63,"column":19}},"63":{"start":{"line":64,"column":0},"end":{"line":64,"column":25}},"64":{"start":{"line":65,"column":0},"end":{"line":65,"column":44}},"65":{"start":{"line":66,"column":0},"end":{"line":66,"column":3}},"66":{"start":{"line":67,"column":0},"end":{"line":67,"column":1}},"67":{"start":{"line":68,"column":0},"end":{"line":68,"column":0}},"68":{"start":{"line":69,"column":0},"end":{"line":69,"column":65}},"69":{"start":{"line":70,"column":0},"end":{"line":70,"column":26}},"70":{"start":{"line":71,"column":0},"end":{"line":71,"column":20}},"71":{"start":{"line":72,"column":0},"end":{"line":72,"column":60}},"72":{"start":{"line":73,"column":0},"end":{"line":73,"column":3}},"73":{"start":{"line":74,"column":0},"end":{"line":74,"column":0}},"74":{"start":{"line":75,"column":0},"end":{"line":75,"column":55}},"75":{"start":{"line":76,"column":0},"end":{"line":76,"column":0}},"76":{"start":{"line":77,"column":0},"end":{"line":77,"column":7}},"77":{"start":{"line":78,"column":0},"end":{"line":78,"column":40}},"78":{"start":{"line":79,"column":0},"end":{"line":79,"column":41}},"79":{"start":{"line":80,"column":0},"end":{"line":80,"column":18}},"80":{"start":{"line":81,"column":0},"end":{"line":81,"column":19}},"81":{"start":{"line":82,"column":0},"end":{"line":82,"column":25}},"82":{"start":{"line":83,"column":0},"end":{"line":83,"column":46}},"83":{"start":{"line":84,"column":0},"end":{"line":84,"column":3}},"84":{"start":{"line":85,"column":0},"end":{"line":85,"column":1}}},"s":{"0":1,"1":1,"2":1,"3":1,"4":1,"5":1,"6":1,"7":1,"8":1,"9":1,"10":1,"11":1,"12":1,"13":1,"14":1,"15":1,"16":1,"17":1,"18":1,"19":1,"20":1,"21":1,"22":2,"23":2,"24":1,"25":1,"26":1,"27":1,"28":3,"29":3,"30":3,"31":3,"32":3,"33":3,"34":3,"35":2,"36":3,"37":2,"38":2,"39":2,"40":3,"41":3,"42":3,"43":1,"44":1,"45":3,"46":1,"47":1,"48":1,"49":1,"50":1,"51":1,"52":1,"53":1,"54":0,"55":0,"56":1,"57":1,"58":1,"59":1,"60":1,"61":1,"62":1,"63":0,"64":0,"65":0,"66":1,"67":1,"68":1,"69":2,"70":2,"71":2,"72":2,"73":2,"74":2,"75":2,"76":2,"77":2,"78":1,"79":1,"80":1,"81":1,"82":1,"83":1,"84":2},"branchMap":{"0":{"type":"branch","line":22,"loc":{"start":{"line":22,"column":30},"end":{"line":26,"column":2}},"locations":[{"start":{"line":22,"column":30},"end":{"line":26,"column":2}}]},"1":{"type":"branch","line":24,"loc":{"start":{"line":24,"column":33},"end":{"line":26,"column":2}},"locations":[{"start":{"line":24,"column":33},"end":{"line":26,"column":2}}]},"2":{"type":"branch","line":28,"loc":{"start":{"line":28,"column":31},"end":{"line":46,"column":1}},"locations":[{"start":{"line":28,"column":31},"end":{"line":46,"column":1}}]},"3":{"type":"branch","line":35,"loc":{"start":{"line":35,"column":31},"end":{"line":37,"column":40}},"locations":[{"start":{"line":35,"column":31},"end":{"line":37,"column":40}}]},"4":{"type":"branch","line":41,"loc":{"start":{"line":41,"column":4},"end":{"line":41,"column":13}},"locations":[{"start":{"line":41,"column":4},"end":{"line":41,"column":13}}]},"5":{"type":"branch","line":43,"loc":{"start":{"line":43,"column":4},"end":{"line":45,"column":3}},"locations":[{"start":{"line":43,"column":4},"end":{"line":45,"column":3}}]},"6":{"type":"branch","line":37,"loc":{"start":{"line":37,"column":40},"end":{"line":41,"column":11}},"locations":[{"start":{"line":37,"column":40},"end":{"line":41,"column":11}}]},"7":{"type":"branch","line":48,"loc":{"start":{"line":48,"column":29},"end":{"line":67,"column":1}},"locations":[{"start":{"line":48,"column":29},"end":{"line":67,"column":1}}]},"8":{"type":"branch","line":63,"loc":{"start":{"line":63,"column":4},"end":{"line":66,"column":3}},"locations":[{"start":{"line":63,"column":4},"end":{"line":66,"column":3}}]},"9":{"type":"branch","line":69,"loc":{"start":{"line":69,"column":31},"end":{"line":85,"column":1}},"locations":[{"start":{"line":69,"column":31},"end":{"line":85,"column":1}}]},"10":{"type":"branch","line":78,"loc":{"start":{"line":78,"column":31},"end":{"line":84,"column":3}},"locations":[{"start":{"line":78,"column":31},"end":{"line":84,"column":3}}]}},"b":{"0":[2],"1":[1],"2":[3],"3":[2],"4":[0],"5":[1],"6":[2],"7":[1],"8":[0],"9":[2],"10":[1]},"fnMap":{"0":{"name":"listaDeBuckets","decl":{"start":{"line":22,"column":30},"end":{"line":26,"column":2}},"loc":{"start":{"line":22,"column":30},"end":{"line":26,"column":2}},"line":22},"1":{"name":"listaDeArquivos","decl":{"start":{"line":28,"column":31},"end":{"line":46,"column":1}},"loc":{"start":{"line":28,"column":31},"end":{"line":46,"column":1}},"line":28},"2":{"name":"uploadArquivo","decl":{"start":{"line":48,"column":29},"end":{"line":67,"column":1}},"loc":{"start":{"line":48,"column":29},"end":{"line":67,"column":1}},"line":48},"3":{"name":"key","decl":{"start":{"line":54,"column":13},"end":{"line":56,"column":10}},"loc":{"start":{"line":54,"column":13},"end":{"line":56,"column":10}},"line":54},"4":{"name":"downloadArquivo","decl":{"start":{"line":69,"column":31},"end":{"line":85,"column":1}},"loc":{"start":{"line":69,"column":31},"end":{"line":85,"column":1}},"line":69}},"f":{"0":2,"1":3,"2":1,"3":0,"4":2}}
,"C:\\workspace\\Containers\\StorageAPI\\src\\utils\\cloud\\cloudflareR2Client.ts": {"path":"C:\\workspace\\Containers\\StorageAPI\\src\\utils\\cloud\\cloudflareR2Client.ts","all":false,"statementMap":{"0":{"start":{"line":1,"column":0},"end":{"line":1,"column":46}},"1":{"start":{"line":2,"column":0},"end":{"line":2,"column":28}},"2":{"start":{"line":3,"column":0},"end":{"line":3,"column":0}},"3":{"start":{"line":4,"column":0},"end":{"line":4,"column":16}},"4":{"start":{"line":5,"column":0},"end":{"line":5,"column":0}},"5":{"start":{"line":6,"column":0},"end":{"line":6,"column":32}},"6":{"start":{"line":7,"column":0},"end":{"line":7,"column":17}},"7":{"start":{"line":8,"column":0},"end":{"line":8,"column":36}},"8":{"start":{"line":9,"column":0},"end":{"line":9,"column":16}},"9":{"start":{"line":10,"column":0},"end":{"line":10,"column":47}},"10":{"start":{"line":11,"column":0},"end":{"line":11,"column":54}},"11":{"start":{"line":12,"column":0},"end":{"line":12,"column":4}},"12":{"start":{"line":13,"column":0},"end":{"line":13,"column":3}}},"s":{"0":1,"1":1,"2":1,"3":1,"4":1,"5":1,"6":1,"7":1,"8":1,"9":1,"10":1,"11":1,"12":1},"branchMap":{},"b":{},"fnMap":{},"f":{}}
}
