TN:
SF:dist\src\servicos\BucketService.js
FN:1,asyncGeneratorStep
FN:15,_async_to_generator
FN:20,_next
FN:23,_throw
FN:30,_ts_generator
FN:33,sent
FN:44,g.<computed>
FN:47,verb
FN:55,step
FN:150,listaDeBuckets
FN:198,listaDeArquivos
FN:211,key
FN:232,uploadArquivo
FN:277,downloadArquivo
FNF:14
FNH:12
FNDA:15,asyncGeneratorStep
FNDA:4,_async_to_generator
FNDA:12,_next
FNDA:3,_throw
FNDA:8,_ts_generator
FNDA:9,sent
FNDA:0,g.<computed>
FNDA:24,verb
FNDA:15,step
FNDA:2,listaDeBuckets
FNDA:3,listaDeArquivos
FNDA:0,key
FNDA:1,uploadArquivo
FNDA:2,downloadArquivo
DA:1,15
DA:2,15
DA:3,15
DA:4,15
DA:5,15
DA:6,3
DA:7,3
DA:8,3
DA:9,15
DA:10,5
DA:11,15
DA:12,7
DA:13,7
DA:14,15
DA:15,4
DA:16,4
DA:17,8
DA:18,8
DA:19,8
DA:20,8
DA:21,12
DA:22,12
DA:23,8
DA:24,3
DA:25,3
DA:26,8
DA:27,8
DA:28,8
DA:29,4
DA:30,8
DA:31,8
DA:32,8
DA:33,8
DA:34,9
DA:35,6
DA:36,6
DA:37,8
DA:38,8
DA:39,8
DA:40,8
DA:41,8
DA:42,8
DA:43,8
DA:44,8
DA:45,0
DA:46,8
DA:47,8
DA:48,24
DA:49,15
DA:50,15
DA:51,15
DA:52,15
DA:53,15
DA:54,24
DA:55,8
DA:56,15
DA:57,15
DA:58,37
DA:59,37
DA:60,0
DA:61,0
DA:62,0
DA:63,37
DA:64,37
DA:65,37
DA:66,15
DA:67,15
DA:68,37
DA:69,7
DA:70,7
DA:71,7
DA:72,7
DA:73,7
DA:74,37
DA:75,0
DA:76,0
DA:77,0
DA:78,0
DA:79,0
DA:80,0
DA:81,37
DA:82,0
DA:83,0
DA:84,0
DA:85,37
DA:86,15
DA:87,8
DA:88,8
DA:89,8
DA:90,15
DA:91,0
DA:92,0
DA:93,0
DA:94,15
DA:95,2
DA:96,2
DA:97,2
DA:98,2
DA:99,15
DA:100,0
DA:101,0
DA:102,0
DA:103,0
DA:104,15
DA:105,5
DA:106,5
DA:107,37
DA:108,17
DA:109,37
DA:110,5
DA:111,5
DA:112,5
DA:113,5
DA:114,5
DA:115,37
DA:116,37
DA:117,37
DA:118,15
DA:119,5
DA:120,15
DA:121,15
DA:122,15
DA:123,15
DA:124,8
DA:125,1
DA:126,1
DA:127,1
DA:128,1
DA:129,1
DA:130,1
DA:131,1
DA:132,2
DA:133,2
DA:134,4
DA:135,4
DA:136,2
DA:137,2
DA:138,2
DA:139,2
DA:140,2
DA:141,4
DA:142,2
DA:143,2
DA:144,2
DA:145,2
DA:146,2
DA:147,4
DA:148,4
DA:149,2
DA:150,1
DA:151,2
DA:152,2
DA:153,1
DA:154,1
DA:155,1
DA:156,3
DA:157,3
DA:158,7
DA:159,7
DA:160,3
DA:161,3
DA:162,3
DA:163,3
DA:164,3
DA:165,3
DA:166,3
DA:167,3
DA:168,3
DA:169,3
DA:170,3
DA:171,3
DA:172,3
DA:173,3
DA:174,3
DA:175,7
DA:176,3
DA:177,3
DA:178,2
DA:179,2
DA:180,2
DA:181,2
DA:182,2
DA:183,3
DA:184,3
DA:185,3
DA:186,3
DA:187,3
DA:188,7
DA:189,1
DA:190,1
DA:191,7
DA:192,0
DA:193,0
DA:194,0
DA:195,7
DA:196,7
DA:197,3
DA:198,1
DA:199,3
DA:200,3
DA:201,1
DA:202,1
DA:203,1
DA:204,1
DA:205,1
DA:206,1
DA:207,1
DA:208,1
DA:209,1
DA:210,1
DA:211,1
DA:212,0
DA:213,0
DA:214,1
DA:215,1
DA:216,1
DA:217,1
DA:218,1
DA:219,1
DA:220,1
DA:221,1
DA:222,1
DA:223,1
DA:224,0
DA:225,0
DA:226,0
DA:227,0
DA:228,0
DA:229,0
DA:230,0
DA:231,1
DA:232,1
DA:233,1
DA:234,1
DA:235,1
DA:236,1
DA:237,1
DA:238,2
DA:239,2
DA:240,5
DA:241,5
DA:242,2
DA:243,2
DA:244,2
DA:245,2
DA:246,2
DA:247,2
DA:248,5
DA:249,2
DA:250,2
DA:251,2
DA:252,2
DA:253,2
DA:254,2
DA:255,2
DA:256,2
DA:257,2
DA:258,2
DA:259,5
DA:260,2
DA:261,2
DA:262,2
DA:263,2
DA:264,2
DA:265,2
DA:266,5
DA:267,1
DA:268,1
DA:269,1
DA:270,5
DA:271,0
DA:272,0
DA:273,0
DA:274,5
DA:275,5
DA:276,2
DA:277,1
DA:278,2
DA:279,2
DA:280,1
LF:280
LH:245
BRDA:1,0,0,15
BRDA:5,1,0,3
BRDA:8,2,0,12
BRDA:9,3,0,5
BRDA:11,4,0,7
BRDA:15,5,0,4
BRDA:16,6,0,8
BRDA:18,7,0,8
BRDA:20,8,0,12
BRDA:23,9,0,3
BRDA:30,10,0,8
BRDA:33,11,0,9
BRDA:34,12,0,3
BRDA:34,13,0,6
BRDA:47,14,0,24
BRDA:48,15,0,15
BRDA:55,16,0,15
BRDA:56,17,0,0
BRDA:57,18,0,37
BRDA:58,19,0,0
BRDA:58,20,0,0
BRDA:58,21,0,0
BRDA:59,22,0,0
BRDA:64,23,0,12
BRDA:65,24,0,15
BRDA:68,25,0,7
BRDA:74,26,0,0
BRDA:81,27,0,0
BRDA:85,28,0,15
BRDA:86,29,0,7
BRDA:86,30,0,8
BRDA:86,31,0,5
BRDA:86,32,0,8
BRDA:89,33,0,7
BRDA:90,34,0,0
BRDA:90,35,0,0
BRDA:93,36,0,7
BRDA:94,37,0,4
BRDA:94,38,0,2
BRDA:98,39,0,5
BRDA:99,40,0,0
BRDA:103,41,0,5
BRDA:104,42,0,0
BRDA:104,43,0,5
BRDA:107,44,0,17
BRDA:109,45,0,5
BRDA:115,46,0,17
BRDA:117,47,0,8
BRDA:118,48,0,3
BRDA:118,49,0,5
BRDA:120,50,0,0
BRDA:130,51,0,1
BRDA:131,52,0,2
BRDA:133,53,0,4
BRDA:135,54,0,2
BRDA:141,55,0,2
BRDA:150,56,0,2
BRDA:154,57,0,1
BRDA:155,58,0,3
BRDA:157,59,0,7
BRDA:159,60,0,3
BRDA:175,61,0,3
BRDA:177,62,0,2
BRDA:177,63,0,0
BRDA:177,64,0,2
BRDA:183,65,0,0
BRDA:188,66,0,1
BRDA:191,67,0,0
BRDA:177,68,0,2
BRDA:180,69,0,0
BRDA:198,70,0,3
BRDA:202,71,0,1
BRDA:203,72,0,1
BRDA:205,73,0,1
BRDA:223,74,0,0
BRDA:232,75,0,1
BRDA:236,76,0,1
BRDA:237,77,0,2
BRDA:239,78,0,5
BRDA:241,79,0,2
BRDA:248,80,0,2
BRDA:259,81,0,2
BRDA:266,82,0,1
BRDA:270,83,0,0
BRDA:277,84,0,2
BRF:85
BRH:67
end_of_record
TN:
SF:dist\src\utils\cloud\cloudflareR2Client.js
FNF:0
FNH:0
DA:1,1
DA:2,1
DA:3,1
DA:4,1
DA:5,1
DA:6,1
DA:7,1
DA:8,1
DA:9,1
DA:10,1
DA:11,1
LF:11
LH:11
BRF:0
BRH:0
end_of_record
TN:
SF:src\servicos\BucketService.ts
FN:22,listaDeBuckets
FN:28,listaDeArquivos
FN:48,uploadArquivo
FN:54,key
FN:69,downloadArquivo
FNF:5
FNH:4
FNDA:2,listaDeBuckets
FNDA:3,listaDeArquivos
FNDA:1,uploadArquivo
FNDA:0,key
FNDA:2,downloadArquivo
DA:1,1
DA:2,1
DA:3,1
DA:4,1
DA:5,1
DA:6,1
DA:7,1
DA:8,1
DA:9,1
DA:10,1
DA:11,1
DA:12,1
DA:13,1
DA:14,1
DA:15,1
DA:16,1
DA:17,1
DA:18,1
DA:19,1
DA:20,1
DA:21,1
DA:22,1
DA:23,2
DA:24,2
DA:25,1
DA:26,1
DA:27,1
DA:28,1
DA:29,3
DA:30,3
DA:31,3
DA:32,3
DA:33,3
DA:34,3
DA:35,3
DA:36,2
DA:37,3
DA:38,2
DA:39,2
DA:40,2
DA:41,3
DA:42,3
DA:43,3
DA:44,1
DA:45,1
DA:46,3
DA:47,1
DA:48,1
DA:49,1
DA:50,1
DA:51,1
DA:52,1
DA:53,1
DA:54,1
DA:55,0
DA:56,0
DA:57,1
DA:58,1
DA:59,1
DA:60,1
DA:61,1
DA:62,1
DA:63,1
DA:64,0
DA:65,0
DA:66,0
DA:67,1
DA:68,1
DA:69,1
DA:70,2
DA:71,2
DA:72,2
DA:73,2
DA:74,2
DA:75,2
DA:76,2
DA:77,2
DA:78,2
DA:79,1
DA:80,1
DA:81,1
DA:82,1
DA:83,1
DA:84,1
DA:85,2
LF:85
LH:80
BRDA:22,0,0,2
BRDA:24,1,0,1
BRDA:28,2,0,3
BRDA:35,3,0,2
BRDA:41,4,0,0
BRDA:43,5,0,1
BRDA:37,6,0,2
BRDA:48,7,0,1
BRDA:63,8,0,0
BRDA:69,9,0,2
BRDA:78,10,0,1
BRF:11
BRH:9
end_of_record
TN:
SF:src\utils\cloud\cloudflareR2Client.ts
FNF:0
FNH:0
DA:1,1
DA:2,1
DA:3,1
DA:4,1
DA:5,1
DA:6,1
DA:7,1
DA:8,1
DA:9,1
DA:10,1
DA:11,1
DA:12,1
DA:13,1
LF:13
LH:13
BRF:0
BRH:0
end_of_record
